{
  message: "getUser value don't match953.626548896653",
  level: 'warn',
  timestamp: '2023-06-10T18:47:08.194Z'
}
{
  meta: {
    req: {
      url: '/api/MyNewRoute',
      headers: {
        host: 'localhost:5000',
        connection: 'keep-alive',
        'sec-ch-ua': '"Not.A/Brand";v="8", "Chromium";v="114", "Google Chrome";v="114"',
        accept: 'application/json',
        'sec-ch-ua-mobile': '?0',
        'user-agent': 'Mozilla/5.0 (Windows NT 10.0; Win64; x64) AppleWebKit/537.36 (KHTML, like Gecko) Chrome/114.0.0.0 Safari/537.36',
        'sec-ch-ua-platform': '"Windows"',
        'sec-fetch-site': 'same-origin',
        'sec-fetch-mode': 'cors',
        'sec-fetch-dest': 'empty',
        referer: 'http://localhost:5000/api-docs/',
        'accept-encoding': 'gzip, deflate, br',
        'accept-language': 'en-US,en;q=0.9'
      },
      method: 'GET',
      httpVersion: '1.1',
      originalUrl: '/api/MyNewRoute',
      query: {}
    },
    res: { statusCode: 404 },
    responseTime: 12
  },
  level: 'warn',
  message: 'HTTP GET /api/MyNewRoute',
  timestamp: '2023-06-10T19:43:30.559Z'
}
